<?xml version="1.0" encoding="utf-8" standalone="no"?>
<!--This file represents the results of running a test suite-->
<test-results name="C:\Work\ReportCardGenerator\ReportCardGenerator\bin\Debug\ReportCardGenerator.exe" total="4" errors="0" failures="0" not-run="0" inconclusive="0" ignored="0" skipped="0" invalid="0" date="2010-06-23" time="14:57:54">
  <environment nunit-version="2.5.5.10112" clr-version="2.0.50727.4927" os-version="Microsoft Windows NT 6.1.7600.0" platform="Win32NT" cwd="C:\Installers\Programming Libraries\NUnit-2.5.5.10112\NUnit-2.5.5.10112\bin\net-2.0" machine-name="WALLEN-LAPTOP" user="Wallen_Tan" user-domain="WALLEN-LAPTOP" />
  <culture-info current-culture="en-US" current-uiculture="en-US" />
  <test-suite type="Assembly" name="C:\Work\ReportCardGenerator\ReportCardGenerator\bin\Debug\ReportCardGenerator.exe" executed="True" result="Success" success="True" time="0.020" asserts="0">
    <results>
      <test-suite type="Namespace" name="ReportCardGenerator" executed="True" result="Success" success="True" time="0.017" asserts="0">
        <results>
          <test-suite type="Namespace" name="Tests" executed="True" result="Success" success="True" time="0.015" asserts="0">
            <results>
              <test-suite type="TestFixture" name="EGPParserTest" executed="True" result="Success" success="True" time="0.012" asserts="0">
                <results>
                  <test-case name="ReportCardGenerator.Tests.EGPParserTest.testAttendance" executed="True" result="Success" success="True" time="0.000" asserts="1" />
                  <test-case name="ReportCardGenerator.Tests.EGPParserTest.testComments" executed="True" result="Success" success="True" time="0.000" asserts="0" />
                  <test-case name="ReportCardGenerator.Tests.EGPParserTest.testGrades" executed="True" result="Success" success="True" time="0.000" asserts="0" />
                  <test-case name="ReportCardGenerator.Tests.EGPParserTest.testHomeroomSkills" executed="True" result="Success" success="True" time="0.000" asserts="1" />
                </results>
              </test-suite>
            </results>
          </test-suite>
        </results>
      </test-suite>
    </results>
  </test-suite>
</test-results>