<?xml version="1.0" encoding="utf-8" standalone="no"?>
<!--This file represents the results of running a test suite-->
<test-results name="C:\Southville project\ReportCardGenerator\ReportCardGenerator\bin\Debug\ReportCardGenerator.exe" total="1" errors="1" failures="0" not-run="0" inconclusive="0" ignored="0" skipped="0" invalid="0" date="2010-07-30" time="15:27:21">
  <environment nunit-version="2.5.5.10112" clr-version="2.0.50727.3603" os-version="Microsoft Windows NT 5.1.2600 Service Pack 3" platform="Win32NT" cwd="C:\Program Files\NUnit 2.5.5\bin\net-2.0" machine-name="WALLEN" user="webadmins-romyr" user-domain="SVILLE" />
  <culture-info current-culture="en-US" current-uiculture="en-US" />
  <test-suite type="Assembly" name="C:\Southville project\ReportCardGenerator\ReportCardGenerator\bin\Debug\ReportCardGenerator.exe" executed="False" result="Cancelled">
    <results>
      <test-suite type="Namespace" name="ReportCardGenerator" executed="False" result="Cancelled">
        <results>
          <test-suite type="Namespace" name="Tests" executed="False" result="Cancelled">
            <results>
              <test-suite type="TestFixture" name="EGPParserTest" executed="False" result="Cancelled">
                <results>
                  <test-case name="ReportCardGenerator.Tests.EGPParserTest.testaddSkillsFromXML" executed="False" result="Cancelled">
                    <failure>
                      <message><![CDATA[Test cancelled by user]]></message>
                      <stack-trace><![CDATA[at System.RuntimeMethodHandle._InvokeMethodFast(Object target, Object[] arguments, SignatureStruct& sig, MethodAttributes methodAttributes, RuntimeTypeHandle typeOwner)
at System.RuntimeMethodHandle.InvokeMethodFast(Object target, Object[] arguments, Signature sig, MethodAttributes methodAttributes, RuntimeTypeHandle typeOwner)
at System.Reflection.RuntimeMethodInfo.Invoke(Object obj, BindingFlags invokeAttr, Binder binder, Object[] parameters, CultureInfo culture, Boolean skipVisibilityChecks)
at System.Reflection.RuntimeMethodInfo.Invoke(Object obj, BindingFlags invokeAttr, Binder binder, Object[] parameters, CultureInfo culture)
at NUnit.Core.Reflect.InvokeMethod(MethodInfo method, Object fixture, Object[] args)
at NUnit.Core.TestMethod.RunTestMethod(TestResult testResult)
at NUnit.Core.TestMethod.doTestCase(TestResult testResult)
]]></stack-trace>
                    </failure>
                  </test-case>
                </results>
              </test-suite>
            </results>
          </test-suite>
        </results>
      </test-suite>
    </results>
  </test-suite>
</test-results>