<?xml version="1.0" encoding="utf-8" standalone="no"?>
<!--This file represents the results of running a test suite-->
<test-results name="C:\Documents and Settings\Jun\My Documents\Southville project\ReportCardGenerator\ReportCardGenerator\bin\Debug\ReportCardGenerator.exe" total="1" errors="0" failures="1" not-run="0" inconclusive="0" ignored="0" skipped="0" invalid="0" date="2010-08-06" time="13:50:22">
  <environment nunit-version="2.5.5.10112" clr-version="2.0.50727.1433" os-version="Microsoft Windows NT 5.1.2600 Service Pack 2" platform="Win32NT" cwd="C:\Program Files\NUnit 2.5.5\bin\net-2.0" machine-name="MANA-BA3F9C25D8" user="Jun" user-domain="MANA-BA3F9C25D8" />
  <culture-info current-culture="en-US" current-uiculture="en-US" />
  <test-suite type="Assembly" name="C:\Documents and Settings\Jun\My Documents\Southville project\ReportCardGenerator\ReportCardGenerator\bin\Debug\ReportCardGenerator.exe" executed="True" result="Failure" success="False" time="154.719" asserts="0">
    <results>
      <test-suite type="Namespace" name="ReportCardGenerator" executed="True" result="Failure" success="False" time="154.719" asserts="0">
        <results>
          <test-suite type="Namespace" name="Tests" executed="True" result="Failure" success="False" time="154.719" asserts="0">
            <results>
              <test-suite type="TestFixture" name="EGPParserTest" executed="True" result="Failure" success="False" time="154.719" asserts="0">
                <results>
                  <test-case name="ReportCardGenerator.Tests.EGPParserTest.testaddSkillsFromXML" executed="True" result="Failure" success="False" time="154.719" asserts="0">
                    <failure>
                      <message><![CDATA[An unexpected exception type was thrown
Expected: ReportCardGenerator.Exceptions.DuplicateStudentException
 but was: System.Threading.ThreadAbortException : Thread was being aborted.]]></message>
                      <stack-trace><![CDATA[at System.RuntimeMethodHandle._InvokeMethodFast(Object target, Object[] arguments, SignatureStruct& sig, MethodAttributes methodAttributes, RuntimeTypeHandle typeOwner)
at System.RuntimeMethodHandle.InvokeMethodFast(Object target, Object[] arguments, Signature sig, MethodAttributes methodAttributes, RuntimeTypeHandle typeOwner)
at System.Reflection.RuntimeMethodInfo.Invoke(Object obj, BindingFlags invokeAttr, Binder binder, Object[] parameters, CultureInfo culture, Boolean skipVisibilityChecks)
at System.Reflection.RuntimeMethodInfo.Invoke(Object obj, BindingFlags invokeAttr, Binder binder, Object[] parameters, CultureInfo culture)
at NUnit.Core.Reflect.InvokeMethod(MethodInfo method, Object fixture, Object[] args)
at NUnit.Core.TestMethod.RunTestMethod(TestResult testResult)
at NUnit.Core.TestMethod.doTestCase(TestResult testResult)
]]></stack-trace>
                    </failure>
                  </test-case>
                </results>
              </test-suite>
            </results>
          </test-suite>
        </results>
      </test-suite>
    </results>
  </test-suite>
</test-results>