<?xml version="1.0" encoding="utf-8" standalone="no"?>
<!--This file represents the results of running a test suite-->
<test-results name="C:\Documents and Settings\Jun\My Documents\Southville project\ReportCardGenerator\ReportCardGenerator\bin\Debug\ReportCardGenerator.exe" total="1" errors="1" failures="0" not-run="0" inconclusive="0" ignored="0" skipped="0" invalid="0" date="2010-07-28" time="15:00:17">
  <environment nunit-version="2.5.5.10112" clr-version="2.0.50727.1433" os-version="Microsoft Windows NT 5.1.2600 Service Pack 2" platform="Win32NT" cwd="C:\Program Files\NUnit 2.5.5\bin\net-2.0" machine-name="MANA-BA3F9C25D8" user="Jun" user-domain="MANA-BA3F9C25D8" />
  <culture-info current-culture="en-US" current-uiculture="en-US" />
  <test-suite type="Assembly" name="C:\Documents and Settings\Jun\My Documents\Southville project\ReportCardGenerator\ReportCardGenerator\bin\Debug\ReportCardGenerator.exe" executed="True" result="Failure" success="False" time="0.000" asserts="0">
    <results>
      <test-suite type="Namespace" name="ReportCardGenerator" executed="True" result="Failure" success="False" time="0.000" asserts="0">
        <results>
          <test-suite type="Namespace" name="Tests" executed="True" result="Failure" success="False" time="0.000" asserts="0">
            <results>
              <test-suite type="TestFixture" name="EGPParserTest" executed="True" result="Failure" success="False" time="0.000" asserts="0">
                <results>
                  <test-case name="ReportCardGenerator.Tests.EGPParserTest.testaddGradesFromXML" executed="True" result="Error" success="False" time="0.000" asserts="0">
                    <failure>
                      <message><![CDATA[System.IO.DirectoryNotFoundException : Could not find a part of the path 'c:\XML\XML Gradebook.xml'.]]></message>
                      <stack-trace><![CDATA[at System.IO.__Error.WinIOError(Int32 errorCode, String maybeFullPath)
at System.IO.FileStream.Init(String path, FileMode mode, FileAccess access, Int32 rights, Boolean useRights, FileShare share, Int32 bufferSize, FileOptions options, SECURITY_ATTRIBUTES secAttrs, String msgPath, Boolean bFromProxy)
at System.IO.FileStream..ctor(String path, FileMode mode, FileAccess access, FileShare share, Int32 bufferSize)
at System.Xml.XmlDownloadManager.GetStream(Uri uri, ICredentials credentials)
at System.Xml.XmlUrlResolver.GetEntity(Uri absoluteUri, String role, Type ofObjectToReturn)
at System.Xml.XmlTextReaderImpl.OpenUrlDelegate(Object xmlResolver)
at System.Threading.CompressedStack.runTryCode(Object userData)
at System.Runtime.CompilerServices.RuntimeHelpers.ExecuteCodeWithGuaranteedCleanup(TryCode code, CleanupCode backoutCode, Object userData)
at System.Threading.CompressedStack.Run(CompressedStack compressedStack, ContextCallback callback, Object state)
at System.Xml.XmlTextReaderImpl.OpenUrl()
at System.Xml.XmlTextReaderImpl.Read()
at System.Xml.XmlLoader.Load(XmlDocument doc, XmlReader reader, Boolean preserveWhitespace)
at System.Xml.XmlDocument.Load(XmlReader reader)
at System.Xml.XmlDocument.Load(String filename)
at ReportCardGenerator.Tests.EGPParserTest.testaddGradesFromXML() in C:\Southville project\ReportCardGenerator\ReportCardGenerator\Tests\EGPParserTest.cs:line 91
]]></stack-trace>
                    </failure>
                  </test-case>
                </results>
              </test-suite>
            </results>
          </test-suite>
        </results>
      </test-suite>
    </results>
  </test-suite>
</test-results>