<?xml version="1.0" encoding="utf-8" standalone="no"?>
<!--This file represents the results of running a test suite-->
<test-results name="C:\Documents and Settings\Jun\My Documents\Southville project\ReportCardGenerator\ReportCardGenerator\bin\Debug\ReportCardGenerator.exe" total="1" errors="0" failures="1" not-run="0" inconclusive="0" ignored="0" skipped="0" invalid="0" date="2010-08-06" time="14:55:00">
  <environment nunit-version="2.5.5.10112" clr-version="2.0.50727.1433" os-version="Microsoft Windows NT 5.1.2600 Service Pack 2" platform="Win32NT" cwd="C:\Program Files\NUnit 2.5.5\bin\net-2.0" machine-name="MANA-BA3F9C25D8" user="Jun" user-domain="MANA-BA3F9C25D8" />
  <culture-info current-culture="en-US" current-uiculture="en-US" />
  <test-suite type="Assembly" name="C:\Documents and Settings\Jun\My Documents\Southville project\ReportCardGenerator\ReportCardGenerator\bin\Debug\ReportCardGenerator.exe" executed="True" result="Failure" success="False" time="23.422" asserts="0">
    <results>
      <test-suite type="Namespace" name="ReportCardGenerator" executed="True" result="Failure" success="False" time="23.406" asserts="0">
        <results>
          <test-suite type="Namespace" name="Tests" executed="True" result="Failure" success="False" time="23.391" asserts="0">
            <results>
              <test-suite type="TestFixture" name="EGPParserTest" executed="True" result="Failure" success="False" time="23.313" asserts="0">
                <results>
                  <test-case name="ReportCardGenerator.Tests.EGPParserTest.testaddSkillsFromXML" executed="True" result="Failure" success="False" time="23.297" asserts="0">
                    <failure>
                      <message><![CDATA[An unexpected exception type was thrown
Expected: ReportCardGenerator.Exceptions.DuplicateStudentException
 but was: System.ArgumentException : An item with the same key has already been added.]]></message>
                      <stack-trace><![CDATA[at System.ThrowHelper.ThrowArgumentException(ExceptionResource resource)
at System.Collections.Generic.Dictionary`2.Insert(TKey key, TValue value, Boolean add)
at System.Collections.Generic.Dictionary`2.Add(TKey key, TValue value)
at ReportCardGenerator.Utilities.EGPXMLParser.addSkillsFromXML(IStudentController controller, XmlDocument doc) in C:\Documents and Settings\Jun\My Documents\southville Project\ReportCardGenerator\ReportCardGenerator\Utilities\EGPXMLParser.cs:line 55
at ReportCardGenerator.Utilities.EGPXMLParser.parseHomeroomXML(IStudentController controller, XmlDocument doc) in C:\Documents and Settings\Jun\My Documents\southville Project\ReportCardGenerator\ReportCardGenerator\Utilities\EGPXMLParser.cs:line 207
at ReportCardGenerator.Tests.EGPParserTest.testaddSkillsFromXML() in C:\Documents and Settings\Jun\My Documents\southville Project\ReportCardGenerator\ReportCardGenerator\Tests\EGPParserTest.cs:line 90
]]></stack-trace>
                    </failure>
                  </test-case>
                </results>
              </test-suite>
            </results>
          </test-suite>
        </results>
      </test-suite>
    </results>
  </test-suite>
</test-results>