<?xml version="1.0" encoding="utf-8" standalone="no"?>
<!--This file represents the results of running a test suite-->
<test-results name="C:\Southville project\ReportCardGenerator\ReportCardGenerator\bin\Debug\ReportCardGenerator.exe" total="1" errors="0" failures="1" not-run="0" inconclusive="0" ignored="0" skipped="0" invalid="0" date="2010-07-12" time="16:44:05">
  <environment nunit-version="2.5.5.10112" clr-version="2.0.50727.3603" os-version="Microsoft Windows NT 5.1.2600 Service Pack 3" platform="Win32NT" cwd="C:\Southville project\ReportCardGenerator\ReportCardGenerator\bin\Debug" machine-name="WALLEN" user="webadmins-romyr" user-domain="SVILLE" />
  <culture-info current-culture="en-US" current-uiculture="en-US" />
  <test-suite type="Assembly" name="C:\Southville project\ReportCardGenerator\ReportCardGenerator\bin\Debug\ReportCardGenerator.exe" executed="True" result="Failure" success="False" time="0.109" asserts="0">
    <results>
      <test-suite type="Namespace" name="ReportCardGenerator" executed="True" result="Failure" success="False" time="0.109" asserts="0">
        <results>
          <test-suite type="Namespace" name="Tests" executed="True" result="Failure" success="False" time="0.109" asserts="0">
            <results>
              <test-suite type="TestFixture" name="ControllerTest" executed="True" result="Failure" success="False" time="0.047" asserts="0">
                <results>
                  <test-case name="ReportCardGenerator.Tests.ControllerTest.testUpdateStudent" executed="True" result="Failure" success="False" time="0.031" asserts="1">
                    <failure>
                      <message><![CDATA[  Expected: 1
  But was:  6
]]></message>
                      <stack-trace><![CDATA[at ReportCardGenerator.Tests.ControllerTest.testUpdateStudent() in C:\Southville project\ReportCardGenerator\ReportCardGenerator\Tests\ControllerTest.cs:line 63
]]></stack-trace>
                    </failure>
                  </test-case>
                </results>
              </test-suite>
            </results>
          </test-suite>
        </results>
      </test-suite>
    </results>
  </test-suite>
</test-results>