<?xml version="1.0" encoding="utf-8" standalone="no"?>
<!--This file represents the results of running a test suite-->
<test-results name="C:\Southville project\ReportCardGenerator\ReportCardGenerator\bin\Debug\ReportCardGenerator.exe" total="1" errors="1" failures="0" not-run="0" inconclusive="0" ignored="0" skipped="0" invalid="0" date="2010-08-23" time="16:45:13">
  <environment nunit-version="2.5.5.10112" clr-version="2.0.50727.3603" os-version="Microsoft Windows NT 5.1.2600 Service Pack 3" platform="Win32NT" cwd="C:\Program Files\NUnit 2.5.5\bin\net-2.0" machine-name="WALLEN" user="webadmins-romyr" user-domain="SVILLE" />
  <culture-info current-culture="en-US" current-uiculture="en-US" />
  <test-suite type="Assembly" name="C:\Southville project\ReportCardGenerator\ReportCardGenerator\bin\Debug\ReportCardGenerator.exe" executed="True" result="Failure" success="False" time="0.094" asserts="0">
    <results>
      <test-suite type="Namespace" name="ReportCardGenerator" executed="True" result="Failure" success="False" time="0.094" asserts="0">
        <results>
          <test-suite type="Namespace" name="Tests" executed="True" result="Failure" success="False" time="0.078" asserts="0">
            <results>
              <test-suite type="TestFixture" name="EGPParserTest" executed="True" result="Failure" success="False" time="0.031" asserts="0">
                <results>
                  <test-case name="ReportCardGenerator.Tests.EGPParserTest.testaddCommentsFromXML" executed="True" result="Error" success="False" time="0.031" asserts="0">
                    <failure>
                      <message><![CDATA[System.NullReferenceException : Object reference not set to an instance of an object.]]></message>
                      <stack-trace><![CDATA[at ReportCardGenerator.Utilities.EGPXMLParser.addCommentsFromXML(IStudentController controller, XmlDocument doc) in C:\Southville project\ReportCardGenerator\ReportCardGenerator\Utilities\EGPXMLParser.cs:line 355
at ReportCardGenerator.Utilities.EGPXMLParser.parseHomeroomXML(IStudentController controller, XmlDocument doc) in C:\Southville project\ReportCardGenerator\ReportCardGenerator\Utilities\EGPXMLParser.cs:line 375
at ReportCardGenerator.Tests.EGPParserTest.testaddCommentsFromXML() in C:\Southville project\ReportCardGenerator\ReportCardGenerator\Tests\EGPParserTest.cs:line 193
]]></stack-trace>
                    </failure>
                  </test-case>
                </results>
              </test-suite>
            </results>
          </test-suite>
        </results>
      </test-suite>
    </results>
  </test-suite>
</test-results>