<?xml version="1.0" encoding="utf-8" standalone="no"?>
<!--This file represents the results of running a test suite-->
<test-results name="C:\Southville project\ReportCardGenerator\ReportCardGenerator.sln" total="24" errors="0" failures="0" not-run="0" inconclusive="0" ignored="0" skipped="0" invalid="0" date="2010-07-08" time="10:07:28">
  <environment nunit-version="2.5.5.10112" clr-version="2.0.50727.3603" os-version="Microsoft Windows NT 5.1.2600 Service Pack 3" platform="Win32NT" cwd="C:\Program Files\NUnit 2.5.5\bin\net-2.0" machine-name="WALLEN" user="webadmins-romyr" user-domain="SVILLE" />
  <culture-info current-culture="en-US" current-uiculture="en-US" />
  <test-suite type="Project" name="C:\Southville project\ReportCardGenerator\ReportCardGenerator.sln" executed="True" result="Success" success="True" time="0.048" asserts="0">
    <results>
      <test-suite type="Assembly" name="C:\Southville project\ReportCardGenerator\ReportCardGenerator\bin\Debug\ReportCardGenerator.exe" executed="True" result="Success" success="True" time="0.048" asserts="0">
        <results>
          <test-suite type="Namespace" name="ReportCardGenerator" executed="True" result="Success" success="True" time="0.048" asserts="0">
            <results>
              <test-suite type="Namespace" name="Tests" executed="True" result="Success" success="True" time="0.048" asserts="0">
                <results>
                  <test-suite type="TestFixture" name="ControllerTest" executed="True" result="Success" success="True" time="0.032" asserts="0">
                    <results>
                      <test-case name="ReportCardGenerator.Tests.ControllerTest.testAddAttendance" executed="True" result="Success" success="True" time="0.000" asserts="2" />
                      <test-case name="ReportCardGenerator.Tests.ControllerTest.testAddComment" executed="True" result="Success" success="True" time="0.000" asserts="1" />
                      <test-case name="ReportCardGenerator.Tests.ControllerTest.testAddNewStudent" executed="True" result="Success" success="True" time="0.000" asserts="4" />
                      <test-case name="ReportCardGenerator.Tests.ControllerTest.testAddNullAttendance" executed="True" result="Success" success="True" time="0.000" asserts="2" />
                      <test-case name="ReportCardGenerator.Tests.ControllerTest.testAddNullComment" executed="True" result="Success" success="True" time="0.000" asserts="2" />
                      <test-case name="ReportCardGenerator.Tests.ControllerTest.testAddNullPeriod" executed="True" result="Success" success="True" time="0.000" asserts="2" />
                      <test-case name="ReportCardGenerator.Tests.ControllerTest.testAddNullSkill" executed="True" result="Success" success="True" time="0.000" asserts="2" />
                      <test-case name="ReportCardGenerator.Tests.ControllerTest.testAddPeriod" executed="True" result="Success" success="True" time="0.000" asserts="3" />
                      <test-case name="ReportCardGenerator.Tests.ControllerTest.testAddSkill" executed="True" result="Success" success="True" time="0.000" asserts="2" />
                      <test-case name="ReportCardGenerator.Tests.ControllerTest.testAddSubjectOrGrade" executed="True" result="Success" success="True" time="0.000" asserts="2" />
                      <test-case name="ReportCardGenerator.Tests.ControllerTest.testNullStudent" executed="True" result="Success" success="True" time="0.000" asserts="2" />
                      <test-case name="ReportCardGenerator.Tests.ControllerTest.testNullSubjectOrGrade" executed="True" result="Success" success="True" time="0.000" asserts="2" />
                      <test-case name="ReportCardGenerator.Tests.ControllerTest.testRemoveStudent" executed="True" result="Success" success="True" time="0.000" asserts="2" />
                      <test-case name="ReportCardGenerator.Tests.ControllerTest.testUpdateAttendance" executed="True" result="Success" success="True" time="0.000" asserts="3" />
                      <test-case name="ReportCardGenerator.Tests.ControllerTest.testUpdateComment" executed="True" result="Success" success="True" time="0.000" asserts="1" />
                      <test-case name="ReportCardGenerator.Tests.ControllerTest.testUpdatePeriod" executed="True" result="Success" success="True" time="0.000" asserts="4" />
                      <test-case name="ReportCardGenerator.Tests.ControllerTest.testUpdateSkill" executed="True" result="Success" success="True" time="0.000" asserts="2" />
                      <test-case name="ReportCardGenerator.Tests.ControllerTest.testUpdateStudent" executed="True" result="Success" success="True" time="0.000" asserts="0" />
                      <test-case name="ReportCardGenerator.Tests.ControllerTest.testUpdateSubjectOrGrade" executed="True" result="Success" success="True" time="0.000" asserts="2" />
                    </results>
                  </test-suite>
                  <test-suite type="TestFixture" name="EGPParserTest" executed="True" result="Success" success="True" time="0.000" asserts="0">
                    <results>
                      <test-case name="ReportCardGenerator.Tests.EGPParserTest.testAddStudentsFromXML" executed="True" result="Success" success="True" time="0.000" asserts="0" />
                      <test-case name="ReportCardGenerator.Tests.EGPParserTest.testAttendance" executed="True" result="Success" success="True" time="0.000" asserts="0" />
                      <test-case name="ReportCardGenerator.Tests.EGPParserTest.testComments" executed="True" result="Success" success="True" time="0.000" asserts="0" />
                      <test-case name="ReportCardGenerator.Tests.EGPParserTest.testGrades" executed="True" result="Success" success="True" time="0.000" asserts="0" />
                      <test-case name="ReportCardGenerator.Tests.EGPParserTest.testHomeroomSkills" executed="True" result="Success" success="True" time="0.000" asserts="0" />
                    </results>
                  </test-suite>
                </results>
              </test-suite>
            </results>
          </test-suite>
        </results>
      </test-suite>
    </results>
  </test-suite>
</test-results>